<?xml version="1.0" encoding="UTF-8"?>
<robot generator="Robot 7.1.1 (Python 3.12.3 on win32)" generated="2024-10-26T16:14:08.290136" rpa="false" schemaversion="5">
<suite id="s1" name="Swipe" source="C:\Users\10720021\PycharmProjects\Appium_Robot_Design\tests\swipe.robot">
<test id="s1-t1" name="swipe_function_check" line="14">
<kw name="Open Application" owner="AppiumLibrary">
<arg>${URL}</arg>
<arg>platformName=Android</arg>
<arg>deviceName=1C091FDF6006K4</arg>
<arg>automationName=Uiautomator2</arg>
<arg>appPackage=io.appium.android.apis</arg>
<arg>appActivity=io.appium.android.apis.ApiDemos</arg>
<doc>Opens a new application to given Appium server.
Capabilities of appium server, Android and iOS,
Please check https://appium.io/docs/en/2.1/cli/args/
| *Option*            | *Man.* | *Description*     |
| remote_url          | Yes    | Appium server url |
| alias               | no     | alias             |
| strict_ssl          | No     | allows you to send commands to an invalid certificate host like a self-signed one. |</doc>
<status status="PASS" start="2024-10-26T16:14:08.714985" elapsed="6.751375"/>
</kw>
<kw name="Click Element" owner="AppiumLibrary">
<msg time="2024-10-26T16:14:15.466360" level="INFO">Clicking element 'xpath=//android.widget.TextView[@content-desc="Views"]'.</msg>
<msg time="2024-10-26T16:14:17.916019" level="INFO">xpath criteria: //android.widget.TextView[@content-desc="Views"]</msg>
<arg>${views}</arg>
<doc>Click element identified by `locator`.</doc>
<status status="PASS" start="2024-10-26T16:14:15.466360" elapsed="2.449659"/>
</kw>
<kw name="Sleep" owner="BuiltIn">
<msg time="2024-10-26T16:14:22.916614" level="INFO">Slept 5 seconds.</msg>
<arg>5s</arg>
<doc>Pauses the test executed for the given time.</doc>
<status status="PASS" start="2024-10-26T16:14:17.916019" elapsed="5.000595"/>
</kw>
<kw name="Swipe" owner="AppiumLibrary">
<msg time="2024-10-26T16:14:22.916614" level="FAIL">Keyword 'AppiumLibrary.Swipe' expected 4 to 5 arguments, got 3.</msg>
<arg>start_x=0</arg>
<arg>start_y=0</arg>
<arg>end_x=500</arg>
<arg>end_y=0</arg>
<arg>duration=1000</arg>
<doc>Swipe from one point to another point, for an optional duration.</doc>
<status status="FAIL" start="2024-10-26T16:14:22.916614" elapsed="0.000000">Keyword 'AppiumLibrary.Swipe' expected 4 to 5 arguments, got 3.</status>
</kw>
<status status="FAIL" start="2024-10-26T16:14:08.714985" elapsed="14.201629">Keyword 'AppiumLibrary.Swipe' expected 4 to 5 arguments, got 3.</status>
</test>
<status status="FAIL" start="2024-10-26T16:14:08.300230" elapsed="14.616384"/>
</suite>
<statistics>
<total>
<stat pass="0" fail="1" skip="0">All Tests</stat>
</total>
<tag>
</tag>
<suite>
<stat pass="0" fail="1" skip="0" id="s1" name="Swipe">Swipe</stat>
</suite>
</statistics>
<errors>
</errors>
</robot>
